<?xml version="1.0" encoding="UTF-8"?>
<coverage generated="1700508627060" clover="3.2.0">
  <project timestamp="1700508627060" name="All files">
    <metrics statements="117" coveredstatements="22" conditionals="24" coveredconditionals="5" methods="47" coveredmethods="6" elements="188" coveredelements="33" complexity="0" loc="117" ncloc="117" packages="3" files="10" classes="10"/>
    <package name="src">
      <metrics statements="64" coveredstatements="0" conditionals="16" coveredconditionals="0" methods="29" coveredmethods="0"/>
      <file name="App.jsx" path="/Users/joshlakenan/Documents/Code/Capstone_Prep/FullStack_Open/notes_app/notes_frontend/src/App.jsx">
        <metrics statements="63" coveredstatements="0" conditionals="16" coveredconditionals="0" methods="29" coveredmethods="0"/>
        <line num="11" count="0" type="stmt"/>
        <line num="12" count="0" type="stmt"/>
        <line num="13" count="0" type="stmt"/>
        <line num="14" count="0" type="stmt"/>
        <line num="15" count="0" type="stmt"/>
        <line num="16" count="0" type="stmt"/>
        <line num="17" count="0" type="stmt"/>
        <line num="18" count="0" type="stmt"/>
        <line num="21" count="0" type="stmt"/>
        <line num="22" count="0" type="stmt"/>
        <line num="25" count="0" type="stmt"/>
        <line num="27" count="0" type="stmt"/>
        <line num="30" count="0" type="stmt"/>
        <line num="31" count="0" type="stmt"/>
        <line num="34" count="0" type="stmt"/>
        <line num="38" count="0" type="stmt"/>
        <line num="39" count="0" type="stmt"/>
        <line num="40" count="0" type="cond" truecount="0" falsecount="2"/>
        <line num="41" count="0" type="stmt"/>
        <line num="42" count="0" type="stmt"/>
        <line num="43" count="0" type="stmt"/>
        <line num="47" count="0" type="stmt"/>
        <line num="49" count="0" type="stmt"/>
        <line num="50" count="0" type="stmt"/>
        <line num="51" count="0" type="stmt"/>
        <line num="53" count="0" type="stmt"/>
        <line num="56" count="0" type="cond" truecount="0" falsecount="2"/>
        <line num="59" count="0" type="stmt"/>
        <line num="62" count="0" type="stmt"/>
        <line num="63" count="0" type="stmt"/>
        <line num="68" count="0" type="stmt"/>
        <line num="69" count="0" type="stmt"/>
        <line num="70" count="0" type="stmt"/>
        <line num="73" count="0" type="stmt"/>
        <line num="77" count="0" type="stmt"/>
        <line num="78" count="0" type="stmt"/>
        <line num="79" count="0" type="stmt"/>
        <line num="80" count="0" type="stmt"/>
        <line num="84" count="0" type="stmt"/>
        <line num="87" count="0" type="stmt"/>
        <line num="88" count="0" type="stmt"/>
        <line num="89" count="0" type="stmt"/>
        <line num="90" count="0" type="stmt"/>
        <line num="92" count="0" type="stmt"/>
        <line num="93" count="0" type="stmt"/>
        <line num="94" count="0" type="stmt"/>
        <line num="99" count="0" type="stmt"/>
        <line num="100" count="0" type="cond" truecount="0" falsecount="2"/>
        <line num="101" count="0" type="cond" truecount="0" falsecount="2"/>
        <line num="103" count="0" type="stmt"/>
        <line num="106" count="0" type="stmt"/>
        <line num="112" count="0" type="stmt"/>
        <line num="113" count="0" type="stmt"/>
        <line num="116" count="0" type="stmt"/>
        <line num="122" count="0" type="stmt"/>
        <line num="123" count="0" type="stmt"/>
        <line num="128" count="0" type="cond" truecount="0" falsecount="2"/>
        <line num="130" count="0" type="stmt"/>
        <line num="132" count="0" type="stmt"/>
        <line num="146" count="0" type="stmt"/>
        <line num="152" count="0" type="stmt"/>
        <line num="155" count="0" type="stmt"/>
        <line num="156" count="0" type="stmt"/>
      </file>
      <file name="main.jsx" path="/Users/joshlakenan/Documents/Code/Capstone_Prep/FullStack_Open/notes_app/notes_frontend/src/main.jsx">
        <metrics statements="1" coveredstatements="0" conditionals="0" coveredconditionals="0" methods="0" coveredmethods="0"/>
        <line num="5" count="0" type="stmt"/>
      </file>
    </package>
    <package name="src.components">
      <metrics statements="33" coveredstatements="22" conditionals="8" coveredconditionals="5" methods="10" coveredmethods="6"/>
      <file name="Footer.jsx" path="/Users/joshlakenan/Documents/Code/Capstone_Prep/FullStack_Open/notes_app/notes_frontend/src/components/Footer.jsx">
        <metrics statements="3" coveredstatements="0" conditionals="0" coveredconditionals="0" methods="1" coveredmethods="0"/>
        <line num="1" count="0" type="stmt"/>
        <line num="2" count="0" type="stmt"/>
        <line num="7" count="0" type="stmt"/>
      </file>
      <file name="LoginForm.jsx" path="/Users/joshlakenan/Documents/Code/Capstone_Prep/FullStack_Open/notes_app/notes_frontend/src/components/LoginForm.jsx">
        <metrics statements="3" coveredstatements="0" conditionals="0" coveredconditionals="0" methods="1" coveredmethods="0"/>
        <line num="3" count="0" type="stmt"/>
        <line num="10" count="0" type="stmt"/>
        <line num="36" count="0" type="stmt"/>
      </file>
      <file name="Note.jsx" path="/Users/joshlakenan/Documents/Code/Capstone_Prep/FullStack_Open/notes_app/notes_frontend/src/components/Note.jsx">
        <metrics statements="3" coveredstatements="3" conditionals="2" coveredconditionals="1" methods="1" coveredmethods="1"/>
        <line num="1" count="1" type="stmt"/>
        <line num="2" count="2" type="cond" truecount="1" falsecount="1"/>
        <line num="6" count="2" type="stmt"/>
      </file>
      <file name="NoteForm.jsx" path="/Users/joshlakenan/Documents/Code/Capstone_Prep/FullStack_Open/notes_app/notes_frontend/src/components/NoteForm.jsx">
        <metrics statements="9" coveredstatements="9" conditionals="0" coveredconditionals="0" methods="3" coveredmethods="3"/>
        <line num="3" count="1" type="stmt"/>
        <line num="4" count="19" type="stmt"/>
        <line num="6" count="19" type="stmt"/>
        <line num="7" count="17" type="stmt"/>
        <line num="10" count="19" type="stmt"/>
        <line num="11" count="1" type="stmt"/>
        <line num="12" count="1" type="stmt"/>
        <line num="17" count="1" type="stmt"/>
        <line num="20" count="19" type="stmt"/>
      </file>
      <file name="Notification.jsx" path="/Users/joshlakenan/Documents/Code/Capstone_Prep/FullStack_Open/notes_app/notes_frontend/src/components/Notification.jsx">
        <metrics statements="4" coveredstatements="0" conditionals="2" coveredconditionals="0" methods="1" coveredmethods="0"/>
        <line num="1" count="0" type="stmt"/>
        <line num="2" count="0" type="cond" truecount="0" falsecount="2"/>
        <line num="3" count="0" type="stmt"/>
        <line num="6" count="0" type="stmt"/>
      </file>
      <file name="Togglable.jsx" path="/Users/joshlakenan/Documents/Code/Capstone_Prep/FullStack_Open/notes_app/notes_frontend/src/components/Togglable.jsx">
        <metrics statements="11" coveredstatements="10" conditionals="4" coveredconditionals="4" methods="3" coveredmethods="2"/>
        <line num="5" count="1" type="stmt"/>
        <line num="6" count="4" type="stmt"/>
        <line num="8" count="4" type="cond" truecount="2" falsecount="0"/>
        <line num="9" count="4" type="cond" truecount="2" falsecount="0"/>
        <line num="11" count="4" type="stmt"/>
        <line num="12" count="1" type="stmt"/>
        <line num="15" count="4" type="stmt"/>
        <line num="16" count="0" type="stmt"/>
        <line num="21" count="4" type="stmt"/>
        <line num="34" count="1" type="stmt"/>
        <line num="38" count="1" type="stmt"/>
      </file>
    </package>
    <package name="src.services">
      <metrics statements="20" coveredstatements="0" conditionals="0" coveredconditionals="0" methods="8" coveredmethods="0"/>
      <file name="login.js" path="/Users/joshlakenan/Documents/Code/Capstone_Prep/FullStack_Open/notes_app/notes_frontend/src/services/login.js">
        <metrics statements="4" coveredstatements="0" conditionals="0" coveredconditionals="0" methods="1" coveredmethods="0"/>
        <line num="2" count="0" type="stmt"/>
        <line num="4" count="0" type="stmt"/>
        <line num="5" count="0" type="stmt"/>
        <line num="7" count="0" type="stmt"/>
      </file>
      <file name="notes.js" path="/Users/joshlakenan/Documents/Code/Capstone_Prep/FullStack_Open/notes_app/notes_frontend/src/services/notes.js">
        <metrics statements="16" coveredstatements="0" conditionals="0" coveredconditionals="0" methods="7" coveredmethods="0"/>
        <line num="2" count="0" type="stmt"/>
        <line num="4" count="0" type="stmt"/>
        <line num="6" count="0" type="stmt"/>
        <line num="7" count="0" type="stmt"/>
        <line num="10" count="0" type="stmt"/>
        <line num="11" count="0" type="stmt"/>
        <line num="12" count="0" type="stmt"/>
        <line num="15" count="0" type="stmt"/>
        <line num="16" count="0" type="stmt"/>
        <line num="20" count="0" type="stmt"/>
        <line num="21" count="0" type="stmt"/>
        <line num="25" count="0" type="stmt"/>
        <line num="26" count="0" type="stmt"/>
        <line num="27" count="0" type="stmt"/>
        <line num="30" count="0" type="stmt"/>
        <line num="31" count="0" type="stmt"/>
      </file>
    </package>
  </project>
</coverage>
