{"/Users/joshlakenan/Documents/Code/Capstone_Prep/FullStack_Open/notes_app/notes_frontend/src/App.jsx": {"path":"/Users/joshlakenan/Documents/Code/Capstone_Prep/FullStack_Open/notes_app/notes_frontend/src/App.jsx","statementMap":{"0":{"start":{"line":11,"column":12},"end":{"line":164,"column":1}},"1":{"start":{"line":12,"column":28},"end":{"line":12,"column":40}},"2":{"start":{"line":13,"column":32},"end":{"line":13,"column":46}},"3":{"start":{"line":14,"column":42},"end":{"line":14,"column":56}},"4":{"start":{"line":15,"column":34},"end":{"line":15,"column":46}},"5":{"start":{"line":16,"column":34},"end":{"line":16,"column":46}},"6":{"start":{"line":17,"column":26},"end":{"line":17,"column":40}},"7":{"start":{"line":18,"column":42},"end":{"line":18,"column":57}},"8":{"start":{"line":21,"column":21},"end":{"line":28,"column":3}},"9":{"start":{"line":22,"column":4},"end":{"line":27,"column":41}},"10":{"start":{"line":25,"column":8},"end":{"line":25,"column":48}},"11":{"start":{"line":25,"column":35},"end":{"line":25,"column":46}},"12":{"start":{"line":27,"column":22},"end":{"line":27,"column":40}},"13":{"start":{"line":30,"column":2},"end":{"line":36,"column":8}},"14":{"start":{"line":31,"column":4},"end":{"line":35,"column":8}},"15":{"start":{"line":34,"column":8},"end":{"line":34,"column":30}},"16":{"start":{"line":38,"column":2},"end":{"line":45,"column":8}},"17":{"start":{"line":39,"column":27},"end":{"line":39,"column":75}},"18":{"start":{"line":40,"column":4},"end":{"line":44,"column":5}},"19":{"start":{"line":41,"column":19},"end":{"line":41,"column":45}},"20":{"start":{"line":42,"column":6},"end":{"line":42,"column":19}},"21":{"start":{"line":43,"column":6},"end":{"line":43,"column":38}},"22":{"start":{"line":47,"column":22},"end":{"line":47,"column":30}},"23":{"start":{"line":49,"column":29},"end":{"line":66,"column":3}},"24":{"start":{"line":50,"column":17},"end":{"line":50,"column":45}},"25":{"start":{"line":50,"column":33},"end":{"line":50,"column":44}},"26":{"start":{"line":51,"column":24},"end":{"line":51,"column":63}},"27":{"start":{"line":53,"column":4},"end":{"line":65,"column":8}},"28":{"start":{"line":56,"column":8},"end":{"line":56,"column":73}},"29":{"start":{"line":56,"column":35},"end":{"line":56,"column":71}},"30":{"start":{"line":59,"column":8},"end":{"line":61,"column":9}},"31":{"start":{"line":62,"column":8},"end":{"line":64,"column":16}},"32":{"start":{"line":63,"column":10},"end":{"line":63,"column":31}},"33":{"start":{"line":68,"column":18},"end":{"line":75,"column":3}},"34":{"start":{"line":69,"column":4},"end":{"line":69,"column":42}},"35":{"start":{"line":70,"column":4},"end":{"line":74,"column":8}},"36":{"start":{"line":73,"column":8},"end":{"line":73,"column":44}},"37":{"start":{"line":77,"column":22},"end":{"line":97,"column":3}},"38":{"start":{"line":78,"column":4},"end":{"line":78,"column":26}},"39":{"start":{"line":79,"column":4},"end":{"line":96,"column":5}},"40":{"start":{"line":80,"column":19},"end":{"line":82,"column":8}},"41":{"start":{"line":84,"column":6},"end":{"line":86,"column":7}},"42":{"start":{"line":87,"column":6},"end":{"line":87,"column":38}},"43":{"start":{"line":88,"column":6},"end":{"line":88,"column":19}},"44":{"start":{"line":89,"column":6},"end":{"line":89,"column":21}},"45":{"start":{"line":90,"column":6},"end":{"line":90,"column":21}},"46":{"start":{"line":92,"column":6},"end":{"line":92,"column":42}},"47":{"start":{"line":93,"column":6},"end":{"line":95,"column":14}},"48":{"start":{"line":94,"column":8},"end":{"line":94,"column":29}},"49":{"start":{"line":99,"column":20},"end":{"line":120,"column":3}},"50":{"start":{"line":100,"column":28},"end":{"line":100,"column":67}},"51":{"start":{"line":101,"column":28},"end":{"line":101,"column":67}},"52":{"start":{"line":103,"column":4},"end":{"line":119,"column":5}},"53":{"start":{"line":106,"column":33},"end":{"line":106,"column":54}},"54":{"start":{"line":112,"column":50},"end":{"line":112,"column":75}},"55":{"start":{"line":113,"column":50},"end":{"line":113,"column":75}},"56":{"start":{"line":116,"column":33},"end":{"line":116,"column":55}},"57":{"start":{"line":122,"column":19},"end":{"line":126,"column":3}},"58":{"start":{"line":123,"column":4},"end":{"line":125,"column":16}},"59":{"start":{"line":128,"column":22},"end":{"line":130,"column":42}},"60":{"start":{"line":130,"column":27},"end":{"line":130,"column":41}},"61":{"start":{"line":132,"column":2},"end":{"line":163,"column":3}},"62":{"start":{"line":146,"column":31},"end":{"line":146,"column":51}},"63":{"start":{"line":152,"column":10},"end":{"line":157,"column":12}},"64":{"start":{"line":155,"column":36},"end":{"line":155,"column":63}},"65":{"start":{"line":156,"column":30},"end":{"line":156,"column":49}}},"fnMap":{"0":{"name":"(anonymous_0)","decl":{"start":{"line":11,"column":12},"end":{"line":11,"column":13}},"loc":{"start":{"line":11,"column":18},"end":{"line":164,"column":1}},"line":11},"1":{"name":"(anonymous_1)","decl":{"start":{"line":21,"column":21},"end":{"line":21,"column":22}},"loc":{"start":{"line":21,"column":27},"end":{"line":28,"column":3}},"line":21},"2":{"name":"(anonymous_2)","decl":{"start":{"line":24,"column":12},"end":{"line":24,"column":13}},"loc":{"start":{"line":24,"column":18},"end":{"line":26,"column":7}},"line":24},"3":{"name":"(anonymous_3)","decl":{"start":{"line":25,"column":30},"end":{"line":25,"column":31}},"loc":{"start":{"line":25,"column":35},"end":{"line":25,"column":46}},"line":25},"4":{"name":"(anonymous_4)","decl":{"start":{"line":27,"column":13},"end":{"line":27,"column":14}},"loc":{"start":{"line":27,"column":22},"end":{"line":27,"column":40}},"line":27},"5":{"name":"(anonymous_5)","decl":{"start":{"line":30,"column":12},"end":{"line":30,"column":13}},"loc":{"start":{"line":30,"column":18},"end":{"line":36,"column":3}},"line":30},"6":{"name":"(anonymous_6)","decl":{"start":{"line":33,"column":12},"end":{"line":33,"column":13}},"loc":{"start":{"line":33,"column":28},"end":{"line":35,"column":7}},"line":33},"7":{"name":"(anonymous_7)","decl":{"start":{"line":38,"column":12},"end":{"line":38,"column":13}},"loc":{"start":{"line":38,"column":18},"end":{"line":45,"column":3}},"line":38},"8":{"name":"(anonymous_8)","decl":{"start":{"line":49,"column":29},"end":{"line":49,"column":30}},"loc":{"start":{"line":49,"column":35},"end":{"line":66,"column":3}},"line":49},"9":{"name":"(anonymous_9)","decl":{"start":{"line":50,"column":28},"end":{"line":50,"column":29}},"loc":{"start":{"line":50,"column":33},"end":{"line":50,"column":44}},"line":50},"10":{"name":"(anonymous_10)","decl":{"start":{"line":55,"column":12},"end":{"line":55,"column":13}},"loc":{"start":{"line":55,"column":28},"end":{"line":57,"column":7}},"line":55},"11":{"name":"(anonymous_11)","decl":{"start":{"line":56,"column":27},"end":{"line":56,"column":28}},"loc":{"start":{"line":56,"column":35},"end":{"line":56,"column":71}},"line":56},"12":{"name":"(anonymous_12)","decl":{"start":{"line":58,"column":13},"end":{"line":58,"column":14}},"loc":{"start":{"line":58,"column":22},"end":{"line":65,"column":7}},"line":58},"13":{"name":"(anonymous_13)","decl":{"start":{"line":62,"column":19},"end":{"line":62,"column":20}},"loc":{"start":{"line":62,"column":25},"end":{"line":64,"column":9}},"line":62},"14":{"name":"(anonymous_14)","decl":{"start":{"line":68,"column":18},"end":{"line":68,"column":19}},"loc":{"start":{"line":68,"column":34},"end":{"line":75,"column":3}},"line":68},"15":{"name":"(anonymous_15)","decl":{"start":{"line":72,"column":12},"end":{"line":72,"column":13}},"loc":{"start":{"line":72,"column":28},"end":{"line":74,"column":7}},"line":72},"16":{"name":"(anonymous_16)","decl":{"start":{"line":77,"column":22},"end":{"line":77,"column":23}},"loc":{"start":{"line":77,"column":39},"end":{"line":97,"column":3}},"line":77},"17":{"name":"(anonymous_17)","decl":{"start":{"line":93,"column":17},"end":{"line":93,"column":18}},"loc":{"start":{"line":93,"column":23},"end":{"line":95,"column":7}},"line":93},"18":{"name":"(anonymous_18)","decl":{"start":{"line":99,"column":20},"end":{"line":99,"column":21}},"loc":{"start":{"line":99,"column":26},"end":{"line":120,"column":3}},"line":99},"19":{"name":"(anonymous_19)","decl":{"start":{"line":106,"column":27},"end":{"line":106,"column":28}},"loc":{"start":{"line":106,"column":33},"end":{"line":106,"column":54}},"line":106},"20":{"name":"(anonymous_20)","decl":{"start":{"line":112,"column":34},"end":{"line":112,"column":35}},"loc":{"start":{"line":112,"column":50},"end":{"line":112,"column":75}},"line":112},"21":{"name":"(anonymous_21)","decl":{"start":{"line":113,"column":34},"end":{"line":113,"column":35}},"loc":{"start":{"line":113,"column":50},"end":{"line":113,"column":75}},"line":113},"22":{"name":"(anonymous_22)","decl":{"start":{"line":116,"column":27},"end":{"line":116,"column":28}},"loc":{"start":{"line":116,"column":33},"end":{"line":116,"column":55}},"line":116},"23":{"name":"(anonymous_23)","decl":{"start":{"line":122,"column":19},"end":{"line":122,"column":20}},"loc":{"start":{"line":123,"column":4},"end":{"line":125,"column":16}},"line":123},"24":{"name":"(anonymous_24)","decl":{"start":{"line":130,"column":19},"end":{"line":130,"column":20}},"loc":{"start":{"line":130,"column":27},"end":{"line":130,"column":41}},"line":130},"25":{"name":"(anonymous_25)","decl":{"start":{"line":146,"column":25},"end":{"line":146,"column":26}},"loc":{"start":{"line":146,"column":31},"end":{"line":146,"column":51}},"line":146},"26":{"name":"(anonymous_26)","decl":{"start":{"line":151,"column":25},"end":{"line":151,"column":26}},"loc":{"start":{"line":152,"column":10},"end":{"line":157,"column":12}},"line":152},"27":{"name":"(anonymous_27)","decl":{"start":{"line":155,"column":30},"end":{"line":155,"column":31}},"loc":{"start":{"line":155,"column":36},"end":{"line":155,"column":63}},"line":155},"28":{"name":"(anonymous_28)","decl":{"start":{"line":156,"column":24},"end":{"line":156,"column":25}},"loc":{"start":{"line":156,"column":30},"end":{"line":156,"column":49}},"line":156}},"branchMap":{"0":{"loc":{"start":{"line":40,"column":4},"end":{"line":44,"column":5}},"type":"if","locations":[{"start":{"line":40,"column":4},"end":{"line":44,"column":5}},{"start":{},"end":{}}],"line":40},"1":{"loc":{"start":{"line":56,"column":35},"end":{"line":56,"column":71}},"type":"cond-expr","locations":[{"start":{"line":56,"column":52},"end":{"line":56,"column":56}},{"start":{"line":56,"column":59},"end":{"line":56,"column":71}}],"line":56},"2":{"loc":{"start":{"line":100,"column":39},"end":{"line":100,"column":65}},"type":"cond-expr","locations":[{"start":{"line":100,"column":54},"end":{"line":100,"column":60}},{"start":{"line":100,"column":63},"end":{"line":100,"column":65}}],"line":100},"3":{"loc":{"start":{"line":101,"column":39},"end":{"line":101,"column":65}},"type":"cond-expr","locations":[{"start":{"line":101,"column":54},"end":{"line":101,"column":56}},{"start":{"line":101,"column":59},"end":{"line":101,"column":65}}],"line":101},"4":{"loc":{"start":{"line":128,"column":22},"end":{"line":130,"column":42}},"type":"cond-expr","locations":[{"start":{"line":129,"column":6},"end":{"line":129,"column":11}},{"start":{"line":130,"column":6},"end":{"line":130,"column":42}}],"line":128},"5":{"loc":{"start":{"line":138,"column":7},"end":{"line":138,"column":27}},"type":"binary-expr","locations":[{"start":{"line":138,"column":7},"end":{"line":138,"column":12}},{"start":{"line":138,"column":16},"end":{"line":138,"column":27}}],"line":138},"6":{"loc":{"start":{"line":139,"column":7},"end":{"line":142,"column":12}},"type":"binary-expr","locations":[{"start":{"line":139,"column":7},"end":{"line":139,"column":11}},{"start":{"line":139,"column":15},"end":{"line":142,"column":12}}],"line":139},"7":{"loc":{"start":{"line":147,"column":16},"end":{"line":147,"column":45}},"type":"cond-expr","locations":[{"start":{"line":147,"column":26},"end":{"line":147,"column":37}},{"start":{"line":147,"column":40},"end":{"line":147,"column":45}}],"line":147}},"s":{"0":0,"1":0,"2":0,"3":0,"4":0,"5":0,"6":0,"7":0,"8":0,"9":0,"10":0,"11":0,"12":0,"13":0,"14":0,"15":0,"16":0,"17":0,"18":0,"19":0,"20":0,"21":0,"22":0,"23":0,"24":0,"25":0,"26":0,"27":0,"28":0,"29":0,"30":0,"31":0,"32":0,"33":0,"34":0,"35":0,"36":0,"37":0,"38":0,"39":0,"40":0,"41":0,"42":0,"43":0,"44":0,"45":0,"46":0,"47":0,"48":0,"49":0,"50":0,"51":0,"52":0,"53":0,"54":0,"55":0,"56":0,"57":0,"58":0,"59":0,"60":0,"61":0,"62":0,"63":0,"64":0,"65":0},"f":{"0":0,"1":0,"2":0,"3":0,"4":0,"5":0,"6":0,"7":0,"8":0,"9":0,"10":0,"11":0,"12":0,"13":0,"14":0,"15":0,"16":0,"17":0,"18":0,"19":0,"20":0,"21":0,"22":0,"23":0,"24":0,"25":0,"26":0,"27":0,"28":0},"b":{"0":[0,0],"1":[0,0],"2":[0,0],"3":[0,0],"4":[0,0],"5":[0,0],"6":[0,0],"7":[0,0]}}
,"/Users/joshlakenan/Documents/Code/Capstone_Prep/FullStack_Open/notes_app/notes_frontend/src/main.jsx": {"path":"/Users/joshlakenan/Documents/Code/Capstone_Prep/FullStack_Open/notes_app/notes_frontend/src/main.jsx","statementMap":{"0":{"start":{"line":5,"column":0},"end":{"line":5,"column":68}}},"fnMap":{},"branchMap":{},"s":{"0":0},"f":{},"b":{}}
,"/Users/joshlakenan/Documents/Code/Capstone_Prep/FullStack_Open/notes_app/notes_frontend/src/components/Footer.jsx": {"path":"/Users/joshlakenan/Documents/Code/Capstone_Prep/FullStack_Open/notes_app/notes_frontend/src/components/Footer.jsx","statementMap":{"0":{"start":{"line":1,"column":15},"end":{"line":13,"column":1}},"1":{"start":{"line":2,"column":22},"end":{"line":6,"column":3}},"2":{"start":{"line":7,"column":2},"end":{"line":12,"column":3}}},"fnMap":{"0":{"name":"(anonymous_0)","decl":{"start":{"line":1,"column":15},"end":{"line":1,"column":16}},"loc":{"start":{"line":1,"column":21},"end":{"line":13,"column":1}},"line":1}},"branchMap":{},"s":{"0":0,"1":0,"2":0},"f":{"0":0},"b":{}}
,"/Users/joshlakenan/Documents/Code/Capstone_Prep/FullStack_Open/notes_app/notes_frontend/src/components/LoginForm.jsx": {"path":"/Users/joshlakenan/Documents/Code/Capstone_Prep/FullStack_Open/notes_app/notes_frontend/src/components/LoginForm.jsx","statementMap":{"0":{"start":{"line":3,"column":18},"end":{"line":34,"column":1}},"1":{"start":{"line":10,"column":2},"end":{"line":33,"column":3}},"2":{"start":{"line":36,"column":0},"end":{"line":42,"column":1}}},"fnMap":{"0":{"name":"(anonymous_0)","decl":{"start":{"line":3,"column":18},"end":{"line":3,"column":19}},"loc":{"start":{"line":9,"column":6},"end":{"line":34,"column":1}},"line":9}},"branchMap":{},"s":{"0":0,"1":0,"2":0},"f":{"0":0},"b":{}}
,"/Users/joshlakenan/Documents/Code/Capstone_Prep/FullStack_Open/notes_app/notes_frontend/src/components/Note.jsx": {"path":"/Users/joshlakenan/Documents/Code/Capstone_Prep/FullStack_Open/notes_app/notes_frontend/src/components/Note.jsx","statementMap":{"0":{"start":{"line":1,"column":13},"end":{"line":14,"column":1}},"1":{"start":{"line":2,"column":16},"end":{"line":4,"column":22}},"2":{"start":{"line":6,"column":2},"end":{"line":13,"column":3}}},"fnMap":{"0":{"name":"(anonymous_0)","decl":{"start":{"line":1,"column":13},"end":{"line":1,"column":14}},"loc":{"start":{"line":1,"column":57},"end":{"line":14,"column":1}},"line":1}},"branchMap":{"0":{"loc":{"start":{"line":2,"column":16},"end":{"line":4,"column":22}},"type":"cond-expr","locations":[{"start":{"line":3,"column":6},"end":{"line":3,"column":26}},{"start":{"line":4,"column":6},"end":{"line":4,"column":22}}],"line":2}},"s":{"0":1,"1":2,"2":2},"f":{"0":2},"b":{"0":[2,0]},"_coverageSchema":"1a1c01bbd47fc00a2c39e90264f33305004495a9","hash":"a1c8bfd4b59343a7bfc9ab5a407906f705f48ef0"}
,"/Users/joshlakenan/Documents/Code/Capstone_Prep/FullStack_Open/notes_app/notes_frontend/src/components/NoteForm.jsx": {"path":"/Users/joshlakenan/Documents/Code/Capstone_Prep/FullStack_Open/notes_app/notes_frontend/src/components/NoteForm.jsx","statementMap":{"0":{"start":{"line":3,"column":17},"end":{"line":33,"column":1}},"1":{"start":{"line":4,"column":32},"end":{"line":4,"column":44}},"2":{"start":{"line":6,"column":23},"end":{"line":8,"column":3}},"3":{"start":{"line":7,"column":4},"end":{"line":7,"column":34}},"4":{"start":{"line":10,"column":18},"end":{"line":18,"column":3}},"5":{"start":{"line":11,"column":4},"end":{"line":11,"column":26}},"6":{"start":{"line":12,"column":4},"end":{"line":15,"column":6}},"7":{"start":{"line":17,"column":4},"end":{"line":17,"column":18}},"8":{"start":{"line":20,"column":2},"end":{"line":32,"column":3}}},"fnMap":{"0":{"name":"(anonymous_0)","decl":{"start":{"line":3,"column":17},"end":{"line":3,"column":18}},"loc":{"start":{"line":3,"column":37},"end":{"line":33,"column":1}},"line":3},"1":{"name":"(anonymous_1)","decl":{"start":{"line":6,"column":23},"end":{"line":6,"column":24}},"loc":{"start":{"line":6,"column":34},"end":{"line":8,"column":3}},"line":6},"2":{"name":"(anonymous_2)","decl":{"start":{"line":10,"column":18},"end":{"line":10,"column":19}},"loc":{"start":{"line":10,"column":29},"end":{"line":18,"column":3}},"line":10}},"branchMap":{},"s":{"0":1,"1":19,"2":19,"3":17,"4":19,"5":1,"6":1,"7":1,"8":19},"f":{"0":19,"1":17,"2":1},"b":{},"_coverageSchema":"1a1c01bbd47fc00a2c39e90264f33305004495a9","hash":"48b203788fd2d1a46024e9301a23ecc072911c69"}
,"/Users/joshlakenan/Documents/Code/Capstone_Prep/FullStack_Open/notes_app/notes_frontend/src/components/Notification.jsx": {"path":"/Users/joshlakenan/Documents/Code/Capstone_Prep/FullStack_Open/notes_app/notes_frontend/src/components/Notification.jsx","statementMap":{"0":{"start":{"line":1,"column":21},"end":{"line":11,"column":1}},"1":{"start":{"line":2,"column":2},"end":{"line":4,"column":3}},"2":{"start":{"line":3,"column":4},"end":{"line":3,"column":15}},"3":{"start":{"line":6,"column":2},"end":{"line":10,"column":3}}},"fnMap":{"0":{"name":"(anonymous_0)","decl":{"start":{"line":1,"column":21},"end":{"line":1,"column":22}},"loc":{"start":{"line":1,"column":38},"end":{"line":11,"column":1}},"line":1}},"branchMap":{"0":{"loc":{"start":{"line":2,"column":2},"end":{"line":4,"column":3}},"type":"if","locations":[{"start":{"line":2,"column":2},"end":{"line":4,"column":3}},{"start":{},"end":{}}],"line":2}},"s":{"0":0,"1":0,"2":0,"3":0},"f":{"0":0},"b":{"0":[0,0]}}
,"/Users/joshlakenan/Documents/Code/Capstone_Prep/FullStack_Open/notes_app/notes_frontend/src/components/Togglable.jsx": {"path":"/Users/joshlakenan/Documents/Code/Capstone_Prep/FullStack_Open/notes_app/notes_frontend/src/components/Togglable.jsx","statementMap":{"0":{"start":{"line":5,"column":18},"end":{"line":32,"column":2}},"1":{"start":{"line":6,"column":32},"end":{"line":6,"column":47}},"2":{"start":{"line":8,"column":26},"end":{"line":8,"column":60}},"3":{"start":{"line":9,"column":26},"end":{"line":9,"column":60}},"4":{"start":{"line":11,"column":27},"end":{"line":13,"column":3}},"5":{"start":{"line":12,"column":4},"end":{"line":12,"column":24}},"6":{"start":{"line":15,"column":2},"end":{"line":19,"column":4}},"7":{"start":{"line":16,"column":4},"end":{"line":18,"column":5}},"8":{"start":{"line":21,"column":2},"end":{"line":31,"column":3}},"9":{"start":{"line":34,"column":0},"end":{"line":36,"column":1}},"10":{"start":{"line":38,"column":0},"end":{"line":38,"column":35}}},"fnMap":{"0":{"name":"(anonymous_0)","decl":{"start":{"line":5,"column":29},"end":{"line":5,"column":30}},"loc":{"start":{"line":5,"column":46},"end":{"line":32,"column":1}},"line":5},"1":{"name":"(anonymous_1)","decl":{"start":{"line":11,"column":27},"end":{"line":11,"column":28}},"loc":{"start":{"line":11,"column":33},"end":{"line":13,"column":3}},"line":11},"2":{"name":"(anonymous_2)","decl":{"start":{"line":15,"column":28},"end":{"line":15,"column":29}},"loc":{"start":{"line":15,"column":34},"end":{"line":19,"column":3}},"line":15}},"branchMap":{"0":{"loc":{"start":{"line":8,"column":37},"end":{"line":8,"column":58}},"type":"cond-expr","locations":[{"start":{"line":8,"column":47},"end":{"line":8,"column":53}},{"start":{"line":8,"column":56},"end":{"line":8,"column":58}}],"line":8},"1":{"loc":{"start":{"line":9,"column":37},"end":{"line":9,"column":58}},"type":"cond-expr","locations":[{"start":{"line":9,"column":47},"end":{"line":9,"column":49}},{"start":{"line":9,"column":52},"end":{"line":9,"column":58}}],"line":9}},"s":{"0":1,"1":4,"2":4,"3":4,"4":4,"5":1,"6":4,"7":0,"8":4,"9":1,"10":1},"f":{"0":4,"1":1,"2":0},"b":{"0":[1,3],"1":[1,3]},"_coverageSchema":"1a1c01bbd47fc00a2c39e90264f33305004495a9","hash":"9ddd049456a97687f21b1ba5108fc42bf2043150"}
,"/Users/joshlakenan/Documents/Code/Capstone_Prep/FullStack_Open/notes_app/notes_frontend/src/services/login.js": {"path":"/Users/joshlakenan/Documents/Code/Capstone_Prep/FullStack_Open/notes_app/notes_frontend/src/services/login.js","statementMap":{"0":{"start":{"line":2,"column":16},"end":{"line":2,"column":28}},"1":{"start":{"line":4,"column":14},"end":{"line":8,"column":1}},"2":{"start":{"line":5,"column":19},"end":{"line":5,"column":57}},"3":{"start":{"line":7,"column":2},"end":{"line":7,"column":22}}},"fnMap":{"0":{"name":"(anonymous_0)","decl":{"start":{"line":4,"column":14},"end":{"line":4,"column":15}},"loc":{"start":{"line":4,"column":35},"end":{"line":8,"column":1}},"line":4}},"branchMap":{},"s":{"0":0,"1":0,"2":0,"3":0},"f":{"0":0},"b":{}}
,"/Users/joshlakenan/Documents/Code/Capstone_Prep/FullStack_Open/notes_app/notes_frontend/src/services/notes.js": {"path":"/Users/joshlakenan/Documents/Code/Capstone_Prep/FullStack_Open/notes_app/notes_frontend/src/services/notes.js","statementMap":{"0":{"start":{"line":2,"column":16},"end":{"line":2,"column":28}},"1":{"start":{"line":4,"column":12},"end":{"line":4,"column":16}},"2":{"start":{"line":6,"column":17},"end":{"line":8,"column":1}},"3":{"start":{"line":7,"column":2},"end":{"line":7,"column":30}},"4":{"start":{"line":10,"column":15},"end":{"line":13,"column":1}},"5":{"start":{"line":11,"column":18},"end":{"line":11,"column":36}},"6":{"start":{"line":12,"column":2},"end":{"line":12,"column":48}},"7":{"start":{"line":12,"column":34},"end":{"line":12,"column":47}},"8":{"start":{"line":15,"column":15},"end":{"line":22,"column":1}},"9":{"start":{"line":16,"column":17},"end":{"line":18,"column":3}},"10":{"start":{"line":20,"column":19},"end":{"line":20,"column":63}},"11":{"start":{"line":21,"column":2},"end":{"line":21,"column":22}},"12":{"start":{"line":25,"column":15},"end":{"line":28,"column":1}},"13":{"start":{"line":26,"column":18},"end":{"line":26,"column":58}},"14":{"start":{"line":27,"column":2},"end":{"line":27,"column":48}},"15":{"start":{"line":27,"column":34},"end":{"line":27,"column":47}},"16":{"start":{"line":30,"column":19},"end":{"line":32,"column":1}},"17":{"start":{"line":31,"column":2},"end":{"line":31,"column":41}}},"fnMap":{"0":{"name":"(anonymous_0)","decl":{"start":{"line":6,"column":17},"end":{"line":6,"column":18}},"loc":{"start":{"line":6,"column":29},"end":{"line":8,"column":1}},"line":6},"1":{"name":"(anonymous_1)","decl":{"start":{"line":10,"column":15},"end":{"line":10,"column":16}},"loc":{"start":{"line":10,"column":21},"end":{"line":13,"column":1}},"line":10},"2":{"name":"(anonymous_2)","decl":{"start":{"line":12,"column":22},"end":{"line":12,"column":23}},"loc":{"start":{"line":12,"column":34},"end":{"line":12,"column":47}},"line":12},"3":{"name":"(anonymous_3)","decl":{"start":{"line":15,"column":15},"end":{"line":15,"column":16}},"loc":{"start":{"line":15,"column":34},"end":{"line":22,"column":1}},"line":15},"4":{"name":"(anonymous_4)","decl":{"start":{"line":25,"column":15},"end":{"line":25,"column":16}},"loc":{"start":{"line":25,"column":34},"end":{"line":28,"column":1}},"line":25},"5":{"name":"(anonymous_5)","decl":{"start":{"line":27,"column":22},"end":{"line":27,"column":23}},"loc":{"start":{"line":27,"column":34},"end":{"line":27,"column":47}},"line":27},"6":{"name":"(anonymous_6)","decl":{"start":{"line":30,"column":19},"end":{"line":30,"column":20}},"loc":{"start":{"line":30,"column":27},"end":{"line":32,"column":1}},"line":30}},"branchMap":{},"s":{"0":0,"1":0,"2":0,"3":0,"4":0,"5":0,"6":0,"7":0,"8":0,"9":0,"10":0,"11":0,"12":0,"13":0,"14":0,"15":0,"16":0,"17":0},"f":{"0":0,"1":0,"2":0,"3":0,"4":0,"5":0,"6":0},"b":{}}
}
